0 info it worked if it ends with ok
1 verbose cli [ 'C:\\Program Files\\nodejs\\node.exe',
1 verbose cli   'C:\\Program Files\\nodejs\\node_modules\\npm\\bin\\npm-cli.js',
1 verbose cli   'i',
1 verbose cli   'paper-icon-button',
1 verbose cli   '--save' ]
2 info using npm@3.10.10
3 info using node@v6.10.2
4 silly loadCurrentTree Starting
5 silly install loadCurrentTree
6 silly install readLocalPackageData
7 silly fetchPackageMetaData paper-icon-button
8 silly fetchNamedPackageData paper-icon-button
9 silly mapToRegistry name paper-icon-button
10 silly mapToRegistry using default registry
11 silly mapToRegistry registry https://registry.npmjs.org/
12 silly mapToRegistry data Result {
12 silly mapToRegistry   raw: 'paper-icon-button',
12 silly mapToRegistry   scope: null,
12 silly mapToRegistry   escapedName: 'paper-icon-button',
12 silly mapToRegistry   name: 'paper-icon-button',
12 silly mapToRegistry   rawSpec: '',
12 silly mapToRegistry   spec: 'latest',
12 silly mapToRegistry   type: 'tag' }
13 silly mapToRegistry uri https://registry.npmjs.org/paper-icon-button
14 verbose request uri https://registry.npmjs.org/paper-icon-button
15 verbose request no auth needed
16 info attempt registry request try #1 at 09:36:51
17 verbose request id 4dcf8f789dd49b9f
18 http request GET https://registry.npmjs.org/paper-icon-button
19 http 200 https://registry.npmjs.org/paper-icon-button
20 verbose headers { server: 'nginx/1.10.1',
20 verbose headers   'content-type': 'application/json',
20 verbose headers   'last-modified': 'Sat, 30 Jan 2016 03:44:47 GMT',
20 verbose headers   etag: 'W/"56ac31af-19c"',
20 verbose headers   'content-encoding': 'gzip',
20 verbose headers   'cache-control': 'max-age=300',
20 verbose headers   'content-length': '245',
20 verbose headers   'accept-ranges': 'bytes',
20 verbose headers   date: 'Fri, 05 May 2017 05:36:40 GMT',
20 verbose headers   via: '1.1 varnish',
20 verbose headers   age: '0',
20 verbose headers   connection: 'keep-alive',
20 verbose headers   'x-served-by': 'cache-hhn1538-HHN',
20 verbose headers   'x-cache': 'MISS',
20 verbose headers   'x-cache-hits': '0',
20 verbose headers   'x-timer': 'S1493962600.298983,VS0,VE41',
20 verbose headers   vary: 'Accept-Encoding' }
21 silly get cb [ 200,
21 silly get   { server: 'nginx/1.10.1',
21 silly get     'content-type': 'application/json',
21 silly get     'last-modified': 'Sat, 30 Jan 2016 03:44:47 GMT',
21 silly get     etag: 'W/"56ac31af-19c"',
21 silly get     'content-encoding': 'gzip',
21 silly get     'cache-control': 'max-age=300',
21 silly get     'content-length': '245',
21 silly get     'accept-ranges': 'bytes',
21 silly get     date: 'Fri, 05 May 2017 05:36:40 GMT',
21 silly get     via: '1.1 varnish',
21 silly get     age: '0',
21 silly get     connection: 'keep-alive',
21 silly get     'x-served-by': 'cache-hhn1538-HHN',
21 silly get     'x-cache': 'MISS',
21 silly get     'x-cache-hits': '0',
21 silly get     'x-timer': 'S1493962600.298983,VS0,VE41',
21 silly get     vary: 'Accept-Encoding' } ]
22 verbose get saving paper-icon-button to C:\Users\Ольга\AppData\Roaming\npm-cache\registry.npmjs.org\paper-icon-button\.cache.json
23 verbose correctMkdir C:\Users\Ольга\AppData\Roaming\npm-cache correctMkdir not in flight; initializing
24 verbose stack TypeError: Cannot convert undefined or null to object
24 verbose stack     at pickVersionFromRegistryDocument (C:\Program Files\nodejs\node_modules\npm\lib\fetch-package-metadata.js:125:29)
24 verbose stack     at C:\Program Files\nodejs\node_modules\npm\node_modules\iferr\index.js:13:50
24 verbose stack     at C:\Program Files\nodejs\node_modules\npm\lib\utils\pulse-till-done.js:20:8
24 verbose stack     at saved (C:\Program Files\nodejs\node_modules\npm\lib\cache\caching-client.js:174:7)
24 verbose stack     at C:\Program Files\nodejs\node_modules\npm\node_modules\graceful-fs\polyfills.js:241:18
24 verbose stack     at FSReqWrap.oncomplete (fs.js:123:15)
25 verbose cwd c:\pwa\work
26 error Windows_NT 10.0.10586
27 error argv "C:\\Program Files\\nodejs\\node.exe" "C:\\Program Files\\nodejs\\node_modules\\npm\\bin\\npm-cli.js" "i" "paper-icon-button" "--save"
28 error node v6.10.2
29 error npm  v3.10.10
30 error Cannot convert undefined or null to object
31 error If you need help, you may report this error at:
31 error     <https://github.com/npm/npm/issues>
32 verbose exit [ 1, true ]
